This is a 2 -dimensional case.
Files results/opp and results/optr exist.  Skipping tune.
Files results/matrixg.* exist.  Skipping gmat.
Running FEMvib
Invalid MIT-MAGIC-COOKIE-1 keyRunning /home/acooksy/FEMvib/.libs/femvib -f ./results/input

elemTypeStr, ndim, nev, nx, ny = QUAD9 2 2500 400 400
periodic boundary conditions flags:1 1 0
periodic boundary conditions for x and y
 Mesh Information:
  elem_dimensions()={2}
  spatial_dimension()=2
  n_nodes()=641601
    n_local_nodes()=641601
  n_elem()=160000
    n_local_elem()=160000
    n_active_elem()=160000
  n_subdomains()=1
  n_partitions()=1
  n_processors()=1
  n_threads()=1
  processor_id()=0
  is_prepared()=true
  is_replicated()=true

# nodes = 641601
# elements = 160000
Writing nodal xyz coordinates to file: results/femvib.xyz
Writing number of dimensions to file: results/ndim
 EquationSystems
  n_systems()=1
   System #0, "Eigensystem"
    Type "Eigen"
    Variables="p" 
    Finite Element Types="LAGRANGE" 
    Approximation Orders="FIRST" 
    n_dofs()=160801
    n_local_dofs()=160801
    n_constrained_dofs()=801
    n_local_constrained_dofs()=801
    n_vectors()=0
    n_matrices()=2
    DofMap Sparsity
      Average  On-Processor Bandwidth <= 9.02981
      Average Off-Processor Bandwidth <= 0
      Maximum  On-Processor Bandwidth <= 16
      Maximum Off-Processor Bandwidth <= 0
    DofMap Constraints
      Number of DoF Constraints = 801
      Average DoF Constraint Length= 1

Reading Kriging parameters from files results/optr results/opp
rval = 7.5
nptsx = 90
Reading number of dimensions from file results/ndim
Number of energies in PES grid = 1369

Writing PES data to file: results/pot.out 
Finished writing PES data to file: results/pot.out
Matrix A and B assembly completed. 

*** Warning, This code is deprecated, and likely to be removed in future library versions! src/numerics/petsc_matrix.C, line 643, compiled Oct  6 2024 at 17:52:57 ***
The matrix must be assembled before calling PetscMatrix::print_matlab().
Please update your code, as this warning will become an error in a future release.src/numerics/petsc_matrix.C, line 644, compiled Oct  6 2024 at 17:52:57 ***
Matrix A Exported. 

Matrix B Exported. 

