This file contains any messages produced by compilers while
running configure, to aid debugging if configure makes a mistake.

It was created by femvib configure 2.1, which was
generated by GNU Autoconf 2.71.  Invocation command line was

  $ ../configure

## --------- ##
## Platform. ##
## --------- ##

hostname = ltia
uname -m = x86_64
uname -r = 6.8.0-48-generic
uname -s = Linux
uname -v = #48~22.04.1-Ubuntu SMP PREEMPT_DYNAMIC Mon Oct  7 11:24:13 UTC 2

/usr/bin/uname -p = x86_64
/bin/uname -X     = unknown

/bin/arch              = x86_64
/usr/bin/arch -k       = unknown
/usr/convex/getsysinfo = unknown
/usr/bin/hostinfo      = unknown
/bin/machine           = unknown
/usr/bin/oslevel       = unknown
/bin/universe          = unknown

PATH: /usr/local/sbin/
PATH: /usr/local/bin/
PATH: /usr/sbin/
PATH: /usr/bin/
PATH: /sbin/
PATH: /bin/
PATH: /usr/games/
PATH: /usr/local/games/
PATH: /snap/bin/


## ----------- ##
## Core tests. ##
## ----------- ##

configure:2645: looking for aux files: compile missing install-sh
configure:2658:  trying ../
configure:2687:   ../compile found
configure:2687:   ../missing found
configure:2669:   ../install-sh found
configure:2816: checking for a BSD-compatible install
configure:2889: result: /usr/bin/install -c
configure:2900: checking whether build environment is sane
configure:2955: result: yes
configure:3114: checking for a race-free mkdir -p
configure:3158: result: /usr/bin/mkdir -p
configure:3165: checking for gawk
configure:3186: found /usr/bin/gawk
configure:3197: result: gawk
configure:3208: checking whether make sets $(MAKE)
configure:3231: result: yes
configure:3261: checking whether make supports nested variables
configure:3279: result: yes
configure:3424: checking for gawk
configure:3456: result: gawk
configure:3536: checking for g++
configure:3557: found /usr/bin/g++
configure:3568: result: g++
configure:3595: checking for C++ compiler version
configure:3604: g++ --version >&5
g++ (Ubuntu 11.4.0-1ubuntu1~22.04) 11.4.0
Copyright (C) 2021 Free Software Foundation, Inc.
This is free software; see the source for copying conditions.  There is NO
warranty; not even for MERCHANTABILITY or FITNESS FOR A PARTICULAR PURPOSE.

configure:3615: $? = 0
configure:3604: g++ -v >&5
Using built-in specs.
COLLECT_GCC=g++
COLLECT_LTO_WRAPPER=/usr/lib/gcc/x86_64-linux-gnu/11/lto-wrapper
OFFLOAD_TARGET_NAMES=nvptx-none:amdgcn-amdhsa
OFFLOAD_TARGET_DEFAULT=1
Target: x86_64-linux-gnu
Configured with: ../src/configure -v --with-pkgversion='Ubuntu 11.4.0-1ubuntu1~22.04' --with-bugurl=file:///usr/share/doc/gcc-11/README.Bugs --enable-languages=c,ada,c++,go,brig,d,fortran,objc,obj-c++,m2 --prefix=/usr --with-gcc-major-version-only --program-suffix=-11 --program-prefix=x86_64-linux-gnu- --enable-shared --enable-linker-build-id --libexecdir=/usr/lib --without-included-gettext --enable-threads=posix --libdir=/usr/lib --enable-nls --enable-bootstrap --enable-clocale=gnu --enable-libstdcxx-debug --enable-libstdcxx-time=yes --with-default-libstdcxx-abi=new --enable-gnu-unique-object --disable-vtable-verify --enable-plugin --enable-default-pie --with-system-zlib --enable-libphobos-checking=release --with-target-system-zlib=auto --enable-objc-gc=auto --enable-multiarch --disable-werror --enable-cet --with-arch-32=i686 --with-abi=m64 --with-multilib-list=m32,m64,mx32 --enable-multilib --with-tune=generic --enable-offload-targets=nvptx-none=/build/gcc-11-XeT9lY/gcc-11-11.4.0/debian/tmp-nvptx/usr,amdgcn-amdhsa=/build/gcc-11-XeT9lY/gcc-11-11.4.0/debian/tmp-gcn/usr --without-cuda-driver --enable-checking=release --build=x86_64-linux-gnu --host=x86_64-linux-gnu --target=x86_64-linux-gnu --with-build-config=bootstrap-lto-lean --enable-link-serialization=2
Thread model: posix
Supported LTO compression algorithms: zlib zstd
gcc version 11.4.0 (Ubuntu 11.4.0-1ubuntu1~22.04) 
... rest of stderr output deleted ...
configure:3615: $? = 0
configure:3604: g++ -V >&5
g++: error: unrecognized command-line option '-V'
g++: fatal error: no input files
compilation terminated.
configure:3615: $? = 1
configure:3604: g++ -qversion >&5
g++: error: unrecognized command-line option '-qversion'; did you mean '--version'?
g++: fatal error: no input files
compilation terminated.
configure:3615: $? = 1
configure:3635: checking whether the C++ compiler works
configure:3657: g++    conftest.cpp  >&5
configure:3661: $? = 0
configure:3711: result: yes
configure:3714: checking for C++ compiler default output file name
configure:3716: result: a.out
configure:3722: checking for suffix of executables
configure:3729: g++ -o conftest    conftest.cpp  >&5
configure:3733: $? = 0
configure:3756: result: 
configure:3778: checking whether we are cross compiling
configure:3786: g++ -o conftest    conftest.cpp  >&5
configure:3790: $? = 0
configure:3797: ./conftest
configure:3801: $? = 0
configure:3816: result: no
configure:3821: checking for suffix of object files
configure:3844: g++ -c   conftest.cpp >&5
configure:3848: $? = 0
configure:3870: result: o
configure:3874: checking whether the compiler supports GNU C++
configure:3894: g++ -c   conftest.cpp >&5
configure:3894: $? = 0
configure:3904: result: yes
configure:3915: checking whether g++ accepts -g
configure:3936: g++ -c -g  conftest.cpp >&5
configure:3936: $? = 0
configure:3980: result: yes
configure:4000: checking for g++ option to enable C++11 features
configure:4015: g++  -c -g -O2  conftest.cpp >&5
conftest.cpp: In function 'int main(int, char**)':
conftest.cpp:177:25: warning: empty parentheses were disambiguated as a function declaration [-Wvexing-parse]
  177 |   cxx11test::delegate d2();
      |                         ^~
conftest.cpp:177:25: note: remove parentheses to default-initialize a variable
  177 |   cxx11test::delegate d2();
      |                         ^~
      |                         --
conftest.cpp:177:25: note: or replace parentheses with braces to value-initialize a variable
configure:4015: $? = 0
configure:4033: result: none needed
configure:4100: checking whether make supports the include directive
configure:4115: make -f confmf.GNU && cat confinc.out
this is the am__doit target
configure:4118: $? = 0
configure:4137: result: yes (GNU style)
configure:4163: checking dependency style of g++
configure:4275: result: gcc3
configure:4352: checking for gcc
configure:4373: found /usr/bin/gcc
configure:4384: result: gcc
configure:4737: checking for C compiler version
configure:4746: gcc --version >&5
gcc (Ubuntu 11.4.0-1ubuntu1~22.04) 11.4.0
Copyright (C) 2021 Free Software Foundation, Inc.
This is free software; see the source for copying conditions.  There is NO
warranty; not even for MERCHANTABILITY or FITNESS FOR A PARTICULAR PURPOSE.

configure:4757: $? = 0
configure:4746: gcc -v >&5
Using built-in specs.
COLLECT_GCC=gcc
COLLECT_LTO_WRAPPER=/usr/lib/gcc/x86_64-linux-gnu/11/lto-wrapper
OFFLOAD_TARGET_NAMES=nvptx-none:amdgcn-amdhsa
OFFLOAD_TARGET_DEFAULT=1
Target: x86_64-linux-gnu
Configured with: ../src/configure -v --with-pkgversion='Ubuntu 11.4.0-1ubuntu1~22.04' --with-bugurl=file:///usr/share/doc/gcc-11/README.Bugs --enable-languages=c,ada,c++,go,brig,d,fortran,objc,obj-c++,m2 --prefix=/usr --with-gcc-major-version-only --program-suffix=-11 --program-prefix=x86_64-linux-gnu- --enable-shared --enable-linker-build-id --libexecdir=/usr/lib --without-included-gettext --enable-threads=posix --libdir=/usr/lib --enable-nls --enable-bootstrap --enable-clocale=gnu --enable-libstdcxx-debug --enable-libstdcxx-time=yes --with-default-libstdcxx-abi=new --enable-gnu-unique-object --disable-vtable-verify --enable-plugin --enable-default-pie --with-system-zlib --enable-libphobos-checking=release --with-target-system-zlib=auto --enable-objc-gc=auto --enable-multiarch --disable-werror --enable-cet --with-arch-32=i686 --with-abi=m64 --with-multilib-list=m32,m64,mx32 --enable-multilib --with-tune=generic --enable-offload-targets=nvptx-none=/build/gcc-11-XeT9lY/gcc-11-11.4.0/debian/tmp-nvptx/usr,amdgcn-amdhsa=/build/gcc-11-XeT9lY/gcc-11-11.4.0/debian/tmp-gcn/usr --without-cuda-driver --enable-checking=release --build=x86_64-linux-gnu --host=x86_64-linux-gnu --target=x86_64-linux-gnu --with-build-config=bootstrap-lto-lean --enable-link-serialization=2
Thread model: posix
Supported LTO compression algorithms: zlib zstd
gcc version 11.4.0 (Ubuntu 11.4.0-1ubuntu1~22.04) 
... rest of stderr output deleted ...
configure:4757: $? = 0
configure:4746: gcc -V >&5
gcc: error: unrecognized command-line option '-V'
gcc: fatal error: no input files
compilation terminated.
configure:4757: $? = 1
configure:4746: gcc -qversion >&5
gcc: error: unrecognized command-line option '-qversion'; did you mean '--version'?
gcc: fatal error: no input files
compilation terminated.
configure:4757: $? = 1
configure:4746: gcc -version >&5
gcc: error: unrecognized command-line option '-version'
gcc: fatal error: no input files
compilation terminated.
configure:4757: $? = 1
configure:4761: checking whether the compiler supports GNU C
configure:4781: gcc -c   conftest.c >&5
configure:4781: $? = 0
configure:4791: result: yes
configure:4802: checking whether gcc accepts -g
configure:4823: gcc -c -g  conftest.c >&5
configure:4823: $? = 0
configure:4867: result: yes
configure:4887: checking for gcc option to enable C11 features
configure:4902: gcc  -c -g -O2  conftest.c >&5
configure:4902: $? = 0
configure:4920: result: none needed
configure:5036: checking whether gcc understands -c and -o together
configure:5059: gcc -c conftest.c -o conftest2.o
configure:5062: $? = 0
configure:5059: gcc -c conftest.c -o conftest2.o
configure:5062: $? = 0
configure:5074: result: yes
configure:5093: checking dependency style of gcc
configure:5205: result: gcc3
configure:5225: checking how to run the C preprocessor
configure:5251: gcc -E  conftest.c
configure:5251: $? = 0
configure:5266: gcc -E  conftest.c
conftest.c:11:10: fatal error: ac_nonexistent.h: No such file or directory
   11 | #include <ac_nonexistent.h>
      |          ^~~~~~~~~~~~~~~~~~
compilation terminated.
configure:5266: $? = 1
configure: failed program was:
| /* confdefs.h */
| #define PACKAGE_NAME "femvib"
| #define PACKAGE_TARNAME "femvib"
| #define PACKAGE_VERSION "2.1"
| #define PACKAGE_STRING "femvib 2.1"
| #define PACKAGE_BUGREPORT "acooksy@sdsu.edu"
| #define PACKAGE_URL ""
| #define PACKAGE "femvib"
| #define VERSION "2.1"
| /* end confdefs.h.  */
| #include <ac_nonexistent.h>
configure:5293: result: gcc -E
configure:5307: gcc -E  conftest.c
configure:5307: $? = 0
configure:5322: gcc -E  conftest.c
conftest.c:11:10: fatal error: ac_nonexistent.h: No such file or directory
   11 | #include <ac_nonexistent.h>
      |          ^~~~~~~~~~~~~~~~~~
compilation terminated.
configure:5322: $? = 1
configure: failed program was:
| /* confdefs.h */
| #define PACKAGE_NAME "femvib"
| #define PACKAGE_TARNAME "femvib"
| #define PACKAGE_VERSION "2.1"
| #define PACKAGE_STRING "femvib 2.1"
| #define PACKAGE_BUGREPORT "acooksy@sdsu.edu"
| #define PACKAGE_URL ""
| #define PACKAGE "femvib"
| #define VERSION "2.1"
| /* end confdefs.h.  */
| #include <ac_nonexistent.h>
configure:5361: checking for stdio.h
configure:5361: gcc -c -g -O2  conftest.c >&5
configure:5361: $? = 0
configure:5361: result: yes
configure:5361: checking for stdlib.h
configure:5361: gcc -c -g -O2  conftest.c >&5
configure:5361: $? = 0
configure:5361: result: yes
configure:5361: checking for string.h
configure:5361: gcc -c -g -O2  conftest.c >&5
configure:5361: $? = 0
configure:5361: result: yes
configure:5361: checking for inttypes.h
configure:5361: gcc -c -g -O2  conftest.c >&5
configure:5361: $? = 0
configure:5361: result: yes
configure:5361: checking for stdint.h
configure:5361: gcc -c -g -O2  conftest.c >&5
configure:5361: $? = 0
configure:5361: result: yes
configure:5361: checking for strings.h
configure:5361: gcc -c -g -O2  conftest.c >&5
configure:5361: $? = 0
configure:5361: result: yes
configure:5361: checking for sys/stat.h
configure:5361: gcc -c -g -O2  conftest.c >&5
configure:5361: $? = 0
configure:5361: result: yes
configure:5361: checking for sys/types.h
configure:5361: gcc -c -g -O2  conftest.c >&5
configure:5361: $? = 0
configure:5361: result: yes
configure:5361: checking for unistd.h
configure:5361: gcc -c -g -O2  conftest.c >&5
configure:5361: $? = 0
configure:5361: result: yes
configure:5386: checking for fcntl.h
configure:5386: gcc -c -g -O2  conftest.c >&5
configure:5386: $? = 0
configure:5386: result: yes
configure:5395: checking for _Bool
configure:5395: gcc -c -g -O2  conftest.c >&5
configure:5395: $? = 0
configure:5395: gcc -c -g -O2  conftest.c >&5
conftest.c: In function 'main':
conftest.c:53:20: error: expected expression before ')' token
   53 | if (sizeof ((_Bool)))
      |                    ^
configure:5395: $? = 1
configure: failed program was:
| /* confdefs.h */
| #define PACKAGE_NAME "femvib"
| #define PACKAGE_TARNAME "femvib"
| #define PACKAGE_VERSION "2.1"
| #define PACKAGE_STRING "femvib 2.1"
| #define PACKAGE_BUGREPORT "acooksy@sdsu.edu"
| #define PACKAGE_URL ""
| #define PACKAGE "femvib"
| #define VERSION "2.1"
| #define HAVE_STDIO_H 1
| #define HAVE_STDLIB_H 1
| #define HAVE_STRING_H 1
| #define HAVE_INTTYPES_H 1
| #define HAVE_STDINT_H 1
| #define HAVE_STRINGS_H 1
| #define HAVE_SYS_STAT_H 1
| #define HAVE_SYS_TYPES_H 1
| #define HAVE_UNISTD_H 1
| #define STDC_HEADERS 1
| #define HAVE_FCNTL_H 1
| /* end confdefs.h.  */
| #include <stddef.h>
| #ifdef HAVE_STDIO_H
| # include <stdio.h>
| #endif
| #ifdef HAVE_STDLIB_H
| # include <stdlib.h>
| #endif
| #ifdef HAVE_STRING_H
| # include <string.h>
| #endif
| #ifdef HAVE_INTTYPES_H
| # include <inttypes.h>
| #endif
| #ifdef HAVE_STDINT_H
| # include <stdint.h>
| #endif
| #ifdef HAVE_STRINGS_H
| # include <strings.h>
| #endif
| #ifdef HAVE_SYS_TYPES_H
| # include <sys/types.h>
| #endif
| #ifdef HAVE_SYS_STAT_H
| # include <sys/stat.h>
| #endif
| #ifdef HAVE_UNISTD_H
| # include <unistd.h>
| #endif
| int
| main (void)
| {
| if (sizeof ((_Bool)))
| 	    return 0;
|   ;
|   return 0;
| }
configure:5395: result: yes
configure:5404: checking for stdbool.h that conforms to C99
configure:5520: gcc -c -g -O2  conftest.c >&5
configure:5520: $? = 0
configure:5528: result: yes
configure:5531: checking for inline
configure:5548: gcc -c -g -O2  conftest.c >&5
configure:5548: $? = 0
configure:5557: result: inline
configure:5575: checking for size_t
configure:5575: gcc -c -g -O2  conftest.c >&5
configure:5575: $? = 0
configure:5575: gcc -c -g -O2  conftest.c >&5
conftest.c: In function 'main':
conftest.c:54:21: error: expected expression before ')' token
   54 | if (sizeof ((size_t)))
      |                     ^
configure:5575: $? = 1
configure: failed program was:
| /* confdefs.h */
| #define PACKAGE_NAME "femvib"
| #define PACKAGE_TARNAME "femvib"
| #define PACKAGE_VERSION "2.1"
| #define PACKAGE_STRING "femvib 2.1"
| #define PACKAGE_BUGREPORT "acooksy@sdsu.edu"
| #define PACKAGE_URL ""
| #define PACKAGE "femvib"
| #define VERSION "2.1"
| #define HAVE_STDIO_H 1
| #define HAVE_STDLIB_H 1
| #define HAVE_STRING_H 1
| #define HAVE_INTTYPES_H 1
| #define HAVE_STDINT_H 1
| #define HAVE_STRINGS_H 1
| #define HAVE_SYS_STAT_H 1
| #define HAVE_SYS_TYPES_H 1
| #define HAVE_UNISTD_H 1
| #define STDC_HEADERS 1
| #define HAVE_FCNTL_H 1
| #define HAVE__BOOL 1
| /* end confdefs.h.  */
| #include <stddef.h>
| #ifdef HAVE_STDIO_H
| # include <stdio.h>
| #endif
| #ifdef HAVE_STDLIB_H
| # include <stdlib.h>
| #endif
| #ifdef HAVE_STRING_H
| # include <string.h>
| #endif
| #ifdef HAVE_INTTYPES_H
| # include <inttypes.h>
| #endif
| #ifdef HAVE_STDINT_H
| # include <stdint.h>
| #endif
| #ifdef HAVE_STRINGS_H
| # include <strings.h>
| #endif
| #ifdef HAVE_SYS_TYPES_H
| # include <sys/types.h>
| #endif
| #ifdef HAVE_SYS_STAT_H
| # include <sys/stat.h>
| #endif
| #ifdef HAVE_UNISTD_H
| # include <unistd.h>
| #endif
| int
| main (void)
| {
| if (sizeof ((size_t)))
| 	    return 0;
|   ;
|   return 0;
| }
configure:5575: result: yes
configure:5587: checking for pow
configure:5587: gcc -o conftest -g -O2   conftest.c  >&5
conftest.c:39:6: warning: conflicting types for built-in function 'pow'; expected 'double(double,  double)' [-Wbuiltin-declaration-mismatch]
   39 | char pow ();
      |      ^~~
conftest.c:31:1: note: 'pow' is declared in header '<math.h>'
   30 | #include <limits.h>
   31 | #undef pow
/usr/bin/ld: /tmp/ccC0sug7.o: in function `main':
/home/acooksy/FEMvib/build/conftest.c:50: undefined reference to `pow'
collect2: error: ld returned 1 exit status
configure:5587: $? = 1
configure: failed program was:
| /* confdefs.h */
| #define PACKAGE_NAME "femvib"
| #define PACKAGE_TARNAME "femvib"
| #define PACKAGE_VERSION "2.1"
| #define PACKAGE_STRING "femvib 2.1"
| #define PACKAGE_BUGREPORT "acooksy@sdsu.edu"
| #define PACKAGE_URL ""
| #define PACKAGE "femvib"
| #define VERSION "2.1"
| #define HAVE_STDIO_H 1
| #define HAVE_STDLIB_H 1
| #define HAVE_STRING_H 1
| #define HAVE_INTTYPES_H 1
| #define HAVE_STDINT_H 1
| #define HAVE_STRINGS_H 1
| #define HAVE_SYS_STAT_H 1
| #define HAVE_SYS_TYPES_H 1
| #define HAVE_UNISTD_H 1
| #define STDC_HEADERS 1
| #define HAVE_FCNTL_H 1
| #define HAVE__BOOL 1
| /* end confdefs.h.  */
| /* Define pow to an innocuous variant, in case <limits.h> declares pow.
|    For example, HP-UX 11i <limits.h> declares gettimeofday.  */
| #define pow innocuous_pow
| 
| /* System header to define __stub macros and hopefully few prototypes,
|    which can conflict with char pow (); below.  */
| 
| #include <limits.h>
| #undef pow
| 
| /* Override any GCC internal prototype to avoid an error.
|    Use char because int might match the return type of a GCC
|    builtin and then its argument prototype would still apply.  */
| #ifdef __cplusplus
| extern "C"
| #endif
| char pow ();
| /* The GNU C library defines this for functions which it implements
|     to always fail with ENOSYS.  Some functions are actually named
|     something starting with __ and the normal name is an alias.  */
| #if defined __stub_pow || defined __stub___pow
| choke me
| #endif
| 
| int
| main (void)
| {
| return pow ();
|   ;
|   return 0;
| }
configure:5587: result: no
configure:5593: checking for sqrt
configure:5593: gcc -o conftest -g -O2   conftest.c  >&5
conftest.c:39:6: warning: conflicting types for built-in function 'sqrt'; expected 'double(double)' [-Wbuiltin-declaration-mismatch]
   39 | char sqrt ();
      |      ^~~~
conftest.c:31:1: note: 'sqrt' is declared in header '<math.h>'
   30 | #include <limits.h>
   31 | #undef sqrt
/usr/bin/ld: /tmp/ccHLNDaD.o: in function `main':
/home/acooksy/FEMvib/build/conftest.c:50: undefined reference to `sqrt'
collect2: error: ld returned 1 exit status
configure:5593: $? = 1
configure: failed program was:
| /* confdefs.h */
| #define PACKAGE_NAME "femvib"
| #define PACKAGE_TARNAME "femvib"
| #define PACKAGE_VERSION "2.1"
| #define PACKAGE_STRING "femvib 2.1"
| #define PACKAGE_BUGREPORT "acooksy@sdsu.edu"
| #define PACKAGE_URL ""
| #define PACKAGE "femvib"
| #define VERSION "2.1"
| #define HAVE_STDIO_H 1
| #define HAVE_STDLIB_H 1
| #define HAVE_STRING_H 1
| #define HAVE_INTTYPES_H 1
| #define HAVE_STDINT_H 1
| #define HAVE_STRINGS_H 1
| #define HAVE_SYS_STAT_H 1
| #define HAVE_SYS_TYPES_H 1
| #define HAVE_UNISTD_H 1
| #define STDC_HEADERS 1
| #define HAVE_FCNTL_H 1
| #define HAVE__BOOL 1
| /* end confdefs.h.  */
| /* Define sqrt to an innocuous variant, in case <limits.h> declares sqrt.
|    For example, HP-UX 11i <limits.h> declares gettimeofday.  */
| #define sqrt innocuous_sqrt
| 
| /* System header to define __stub macros and hopefully few prototypes,
|    which can conflict with char sqrt (); below.  */
| 
| #include <limits.h>
| #undef sqrt
| 
| /* Override any GCC internal prototype to avoid an error.
|    Use char because int might match the return type of a GCC
|    builtin and then its argument prototype would still apply.  */
| #ifdef __cplusplus
| extern "C"
| #endif
| char sqrt ();
| /* The GNU C library defines this for functions which it implements
|     to always fail with ENOSYS.  Some functions are actually named
|     something starting with __ and the normal name is an alias.  */
| #if defined __stub_sqrt || defined __stub___sqrt
| choke me
| #endif
| 
| int
| main (void)
| {
| return sqrt ();
|   ;
|   return 0;
| }
configure:5593: result: no
configure:5704: checking that generated files are newer than configure
configure:5710: result: done
configure:5737: creating ./config.status

## ---------------------- ##
## Running config.status. ##
## ---------------------- ##

This file was extended by femvib config.status 2.1, which was
generated by GNU Autoconf 2.71.  Invocation command line was

  CONFIG_FILES    = 
  CONFIG_HEADERS  = 
  CONFIG_LINKS    = 
  CONFIG_COMMANDS = 
  $ ./config.status 

on ltia

config.status:856: creating Makefile
config.status:856: creating src/Makefile
config.status:856: creating config.h
config.status:1070: executing depfiles commands
config.status:1147: cd .       && sed -e '/# am--include-marker/d' Makefile         | make -f - am--depfiles
make: Nothing to be done for 'am--depfiles'.
config.status:1152: $? = 0
config.status:1147: cd src       && sed -e '/# am--include-marker/d' Makefile         | make -f - am--depfiles
config.status:1152: $? = 0

## ---------------- ##
## Cache variables. ##
## ---------------- ##

ac_cv_c_compiler_gnu=yes
ac_cv_c_inline=inline
ac_cv_cxx_compiler_gnu=yes
ac_cv_env_CCC_set=
ac_cv_env_CCC_value=
ac_cv_env_CC_set=
ac_cv_env_CC_value=
ac_cv_env_CFLAGS_set=
ac_cv_env_CFLAGS_value=
ac_cv_env_CPPFLAGS_set=
ac_cv_env_CPPFLAGS_value=
ac_cv_env_CPP_set=
ac_cv_env_CPP_value=
ac_cv_env_CXXFLAGS_set=
ac_cv_env_CXXFLAGS_value=
ac_cv_env_CXX_set=
ac_cv_env_CXX_value=
ac_cv_env_LDFLAGS_set=
ac_cv_env_LDFLAGS_value=
ac_cv_env_LIBS_set=
ac_cv_env_LIBS_value=
ac_cv_env_build_alias_set=
ac_cv_env_build_alias_value=
ac_cv_env_host_alias_set=
ac_cv_env_host_alias_value=
ac_cv_env_target_alias_set=
ac_cv_env_target_alias_value=
ac_cv_func_pow=no
ac_cv_func_sqrt=no
ac_cv_header_fcntl_h=yes
ac_cv_header_inttypes_h=yes
ac_cv_header_stdbool_h=yes
ac_cv_header_stdint_h=yes
ac_cv_header_stdio_h=yes
ac_cv_header_stdlib_h=yes
ac_cv_header_string_h=yes
ac_cv_header_strings_h=yes
ac_cv_header_sys_stat_h=yes
ac_cv_header_sys_types_h=yes
ac_cv_header_unistd_h=yes
ac_cv_objext=o
ac_cv_path_install='/usr/bin/install -c'
ac_cv_path_mkdir=/usr/bin/mkdir
ac_cv_prog_AWK=gawk
ac_cv_prog_CPP='gcc -E'
ac_cv_prog_ac_ct_CC=gcc
ac_cv_prog_ac_ct_CXX=g++
ac_cv_prog_cc_c11=
ac_cv_prog_cc_g=yes
ac_cv_prog_cc_stdc=
ac_cv_prog_cxx_11=no
ac_cv_prog_cxx_cxx11=
ac_cv_prog_cxx_g=yes
ac_cv_prog_cxx_stdcxx=
ac_cv_prog_make_make_set=yes
ac_cv_type__Bool=yes
ac_cv_type_size_t=yes
am_cv_CC_dependencies_compiler_type=gcc3
am_cv_CXX_dependencies_compiler_type=gcc3
am_cv_make_support_nested_variables=yes
am_cv_prog_cc_c_o=yes

## ----------------- ##
## Output variables. ##
## ----------------- ##

ACLOCAL='${SHELL} '\''/home/acooksy/FEMvib/missing'\'' aclocal-1.16'
AMDEPBACKSLASH='\'
AMDEP_FALSE='#'
AMDEP_TRUE=''
AMTAR='$${TAR-tar}'
AM_BACKSLASH='\'
AM_DEFAULT_V='$(AM_DEFAULT_VERBOSITY)'
AM_DEFAULT_VERBOSITY='1'
AM_V='$(V)'
AUTOCONF='${SHELL} '\''/home/acooksy/FEMvib/missing'\'' autoconf'
AUTOHEADER='${SHELL} '\''/home/acooksy/FEMvib/missing'\'' autoheader'
AUTOMAKE='${SHELL} '\''/home/acooksy/FEMvib/missing'\'' automake-1.16'
AWK='gawk'
CC='gcc'
CCDEPMODE='depmode=gcc3'
CFLAGS='-g -O2'
CPP='gcc -E'
CPPFLAGS=''
CSCOPE='cscope'
CTAGS='ctags'
CXX='g++'
CXXDEPMODE='depmode=gcc3'
CXXFLAGS='-g -O2'
CYGPATH_W='echo'
DEFS='-DHAVE_CONFIG_H'
DEPDIR='.deps'
ECHO_C=''
ECHO_N='-n'
ECHO_T=''
ETAGS='etags'
EXEEXT=''
INSTALL_DATA='${INSTALL} -m 644'
INSTALL_PROGRAM='${INSTALL}'
INSTALL_SCRIPT='${INSTALL}'
INSTALL_STRIP_PROGRAM='$(install_sh) -c -s'
LDFLAGS=''
LIBOBJS=''
LIBS=''
LTLIBOBJS=''
MAKEINFO='${SHELL} '\''/home/acooksy/FEMvib/missing'\'' makeinfo'
MKDIR_P='/usr/bin/mkdir -p'
OBJEXT='o'
PACKAGE='femvib'
PACKAGE_BUGREPORT='acooksy@sdsu.edu'
PACKAGE_NAME='femvib'
PACKAGE_STRING='femvib 2.1'
PACKAGE_TARNAME='femvib'
PACKAGE_URL=''
PACKAGE_VERSION='2.1'
PATH_SEPARATOR=':'
SET_MAKE=''
SHELL='/bin/bash'
STRIP=''
VERSION='2.1'
ac_ct_CC='gcc'
ac_ct_CXX='g++'
am__EXEEXT_FALSE=''
am__EXEEXT_TRUE='#'
am__fastdepCC_FALSE='#'
am__fastdepCC_TRUE=''
am__fastdepCXX_FALSE='#'
am__fastdepCXX_TRUE=''
am__include='include'
am__isrc=' -I$(srcdir)'
am__leading_dot='.'
am__nodep='_no'
am__quote=''
am__tar='$${TAR-tar} chof - "$$tardir"'
am__untar='$${TAR-tar} xf -'
bindir='${exec_prefix}/bin'
build_alias=''
datadir='${datarootdir}'
datarootdir='${prefix}/share'
docdir='${datarootdir}/doc/${PACKAGE_TARNAME}'
dvidir='${docdir}'
exec_prefix='${prefix}'
host_alias=''
htmldir='${docdir}'
includedir='${prefix}/include'
infodir='${datarootdir}/info'
install_sh='${SHELL} /home/acooksy/FEMvib/install-sh'
libdir='${exec_prefix}/lib'
libexecdir='${exec_prefix}/libexec'
localedir='${datarootdir}/locale'
localstatedir='${prefix}/var'
mandir='${datarootdir}/man'
mkdir_p='$(MKDIR_P)'
oldincludedir='/usr/include'
pdfdir='${docdir}'
prefix='/usr/local'
program_transform_name='s,x,x,'
psdir='${docdir}'
runstatedir='${localstatedir}/run'
sbindir='${exec_prefix}/sbin'
sharedstatedir='${prefix}/com'
sysconfdir='${prefix}/etc'
target_alias=''

## ----------- ##
## confdefs.h. ##
## ----------- ##

/* confdefs.h */
#define PACKAGE_NAME "femvib"
#define PACKAGE_TARNAME "femvib"
#define PACKAGE_VERSION "2.1"
#define PACKAGE_STRING "femvib 2.1"
#define PACKAGE_BUGREPORT "acooksy@sdsu.edu"
#define PACKAGE_URL ""
#define PACKAGE "femvib"
#define VERSION "2.1"
#define HAVE_STDIO_H 1
#define HAVE_STDLIB_H 1
#define HAVE_STRING_H 1
#define HAVE_INTTYPES_H 1
#define HAVE_STDINT_H 1
#define HAVE_STRINGS_H 1
#define HAVE_SYS_STAT_H 1
#define HAVE_SYS_TYPES_H 1
#define HAVE_UNISTD_H 1
#define STDC_HEADERS 1
#define HAVE_FCNTL_H 1
#define HAVE__BOOL 1

configure: exit 0

## ---------------------- ##
## Running config.status. ##
## ---------------------- ##

This file was extended by femvib config.status 2.1, which was
generated by GNU Autoconf 2.71.  Invocation command line was

  CONFIG_FILES    = 
  CONFIG_HEADERS  = 
  CONFIG_LINKS    = 
  CONFIG_COMMANDS = 
  $ ./config.status src/Makefile depfiles

on ltia

config.status:856: creating src/Makefile
config.status:1070: executing depfiles commands
config.status:1147: cd src       && sed -e '/# am--include-marker/d' Makefile         | make -f - am--depfiles
make[3]: Entering directory '/home/acooksy/FEMvib/build/src'
make[3]: Nothing to be done for 'am--depfiles'.
make[3]: Leaving directory '/home/acooksy/FEMvib/build/src'
config.status:1152: $? = 0
